Flow report for OFDM_transmitter_quartus
Mon Mar 27 15:52:22 2017
Quartus II 64-Bit Version 13.0.1 Build 232 06/12/2013 Service Pack 1 SJ Web Edition


---------------------
; Table of Contents ;
---------------------
  1. Legal Notice
  2. Flow Summary
  3. Flow Settings
  4. Flow Non-Default Global Settings
  5. Flow Elapsed Time
  6. Flow OS Summary
  7. Flow Log
  8. Flow Messages
  9. Flow Suppressed Messages



----------------
; Legal Notice ;
----------------
Copyright (C) 1991-2013 Altera Corporation
Your use of Altera Corporation's design tools, logic functions 
and other software and tools, and its AMPP partner logic 
functions, and any output files from any of the foregoing 
(including device programming or simulation files), and any 
associated documentation or information are expressly subject 
to the terms and conditions of the Altera Program License 
Subscription Agreement, Altera MegaCore Function License 
Agreement, or other applicable license agreement, including, 
without limitation, that your use is for the sole purpose of 
programming logic devices manufactured by Altera and sold by 
Altera or its authorized distributors.  Please refer to the 
applicable agreement for further details.



+--------------------------------------------------------------------------------------+
; Flow Summary                                                                         ;
+------------------------------------+-------------------------------------------------+
; Flow Status                        ; Flow Failed - Mon Mar 27 15:52:22 2017          ;
; Quartus II 64-Bit Version          ; 13.0.1 Build 232 06/12/2013 SP 1 SJ Web Edition ;
; Revision Name                      ; OFDM_transmitter_quartus                        ;
; Top-level Entity Name              ; OFDM_transmitter                                ;
; Family                             ; Cyclone II                                      ;
; Device                             ; EP2C35F672C8                                    ;
; Timing Models                      ; Final                                           ;
; Total logic elements               ; 2,502 / 33,216 ( 8 % )                          ;
;     Total combinational functions  ; 1,557 / 33,216 ( 5 % )                          ;
;     Dedicated logic registers      ; 2,331 / 33,216 ( 7 % )                          ;
; Total registers                    ; 2331                                            ;
; Total pins                         ; 516 / 475 ( 109 % )                             ;
; Total virtual pins                 ; 0                                               ;
; Total memory bits                  ; 364 / 483,840 ( < 1 % )                         ;
; Embedded Multiplier 9-bit elements ; 66 / 70 ( 94 % )                                ;
; Total PLLs                         ; 0 / 4 ( 0 % )                                   ;
+------------------------------------+-------------------------------------------------+


+----------------------------------------------+
; Flow Settings                                ;
+-------------------+--------------------------+
; Option            ; Setting                  ;
+-------------------+--------------------------+
; Start date & time ; 03/27/2017 15:50:41      ;
; Main task         ; Compilation              ;
; Revision Name     ; OFDM_transmitter_quartus ;
+-------------------+--------------------------+


+-------------------------------------------------------------------------------------------------+
; Flow Non-Default Global Settings                                                                ;
+-----------------------+-------------------+--------------------------+-------------+------------+
; Assignment Name       ; Value             ; Default Value            ; Entity Name ; Section Id ;
+-----------------------+-------------------+--------------------------+-------------+------------+
; COMPILER_SIGNATURE_ID ; 0.149064424118716 ; --                       ; --          ; --         ;
; TOP_LEVEL_ENTITY      ; OFDM_transmitter  ; OFDM_transmitter_quartus ; --          ; --         ;
+-----------------------+-------------------+--------------------------+-------------+------------+


+--------------------------------------------------------------------------------------------------------------------------+
; Flow Elapsed Time                                                                                                        ;
+----------------------+--------------+-------------------------+---------------------+------------------------------------+
; Module Name          ; Elapsed Time ; Average Processors Used ; Peak Virtual Memory ; Total CPU Time (on all processors) ;
+----------------------+--------------+-------------------------+---------------------+------------------------------------+
; Analysis & Synthesis ; 00:00:12     ; 1.0                     ; 811 MB              ; 00:00:13                           ;
; Fitter               ; 00:00:06     ; 1.0                     ; 665 MB              ; 00:00:06                           ;
; Fitter               ; 00:00:06     ; 1.0                     ; 666 MB              ; 00:00:06                           ;
; Total                ; 00:00:24     ; --                      ; --                  ; 00:00:25                           ;
+----------------------+--------------+-------------------------+---------------------+------------------------------------+


+----------------------------------------------------------------------------------------+
; Flow OS Summary                                                                        ;
+----------------------+------------------+----------------+------------+----------------+
; Module Name          ; Machine Hostname ; OS Name        ; OS Version ; Processor type ;
+----------------------+------------------+----------------+------------+----------------+
; Analysis & Synthesis ; jake-t420        ; Ubuntu 16.04.2 ; 16         ; x86_64         ;
; Fitter               ; jake-t420        ; Ubuntu 16.04.2 ; 16         ; x86_64         ;
; Fitter               ; jake-t420        ; Ubuntu 16.04.2 ; 16         ; x86_64         ;
+----------------------+------------------+----------------+------------+----------------+


------------
; Flow Log ;
------------
quartus_map --read_settings_files=on --write_settings_files=off OFDM_transmitter_quartus -c OFDM_transmitter_quartus
quartus_fit --read_settings_files=on --write_settings_files=off OFDM_transmitter_quartus -c OFDM_transmitter_quartus --early_timing_estimate
quartus_fit --read_settings_files=on --write_settings_files=off OFDM_transmitter_quartus -c OFDM_transmitter_quartus --early_timing_estimate



